0 info it worked if it ends with ok
1 verbose cli [ '/Users/jennypenfield/.nvm/versions/node/v6.11.0/bin/node',
1 verbose cli   '/Users/jennypenfield/.nvm/versions/node/v6.11.0/bin/npm',
1 verbose cli   'publish' ]
2 info using npm@3.10.10
3 info using node@v6.11.0
4 verbose publish [ '.' ]
5 silly cache add args [ '.', null ]
6 verbose cache add spec .
7 silly cache add parsed spec Result {
7 silly cache add   raw: '.',
7 silly cache add   scope: null,
7 silly cache add   escapedName: null,
7 silly cache add   name: null,
7 silly cache add   rawSpec: '.',
7 silly cache add   spec: '/Users/jennypenfield/Documents/tiy/Homework/connect-four-lib',
7 silly cache add   type: 'directory' }
8 verbose addLocalDirectory /Users/jennypenfield/.npm/connect4-lib/1.0.0/package.tgz not in flight; packing
9 verbose correctMkdir /Users/jennypenfield/.npm correctMkdir not in flight; initializing
10 info lifecycle connect4-lib@1.0.0~prepublish: connect4-lib@1.0.0
11 silly lifecycle connect4-lib@1.0.0~prepublish: no script for prepublish, continuing
12 verbose tar pack [ '/Users/jennypenfield/.npm/connect4-lib/1.0.0/package.tgz',
12 verbose tar pack   '/Users/jennypenfield/Documents/tiy/Homework/connect-four-lib' ]
13 verbose tarball /Users/jennypenfield/.npm/connect4-lib/1.0.0/package.tgz
14 verbose folder /Users/jennypenfield/Documents/tiy/Homework/connect-four-lib
15 verbose addLocalTarball adding from inside cache /Users/jennypenfield/.npm/connect4-lib/1.0.0/package.tgz
16 verbose correctMkdir /Users/jennypenfield/.npm correctMkdir not in flight; initializing
17 silly cache afterAdd connect4-lib@1.0.0
18 verbose afterAdd /Users/jennypenfield/.npm/connect4-lib/1.0.0/package/package.json not in flight; writing
19 verbose correctMkdir /Users/jennypenfield/.npm correctMkdir not in flight; initializing
20 verbose afterAdd /Users/jennypenfield/.npm/connect4-lib/1.0.0/package/package.json written
21 silly publish { author: { name: 'Jennifer Penfield', email: 'jipenfield11@gmail.com' },
21 silly publish   name: 'connect4-lib',
21 silly publish   description: 'Library that handles the game logic for Connect Four',
21 silly publish   version: '1.0.0',
21 silly publish   repository:
21 silly publish    { type: 'git',
21 silly publish      url: 'git://github.com/jennypenfield/connect-four-lib.git' },
21 silly publish   main: 'connect4-lib.js',
21 silly publish   devDependencies: { assert: '1.4.1', mocha: '3.4.2' },
21 silly publish   scripts: { test: 'mocha' },
21 silly publish   license: 'ISC',
21 silly publish   readme: '# Connect Four Library [![Build Status](https://travis-ci.org/jennypenfield/connect-four-lib.svg?branch=master)]\n(https://travis-ci.org/jennypenfield/connect-four-lib)\n\nThis is a project to implement the game logic for the classic game\n[Connect Four].\n\nThis is a collaborative project of the students of the [The Iron Yard Houston]\nfront-end class.\n\n## Development Setup\n\nInstall [Yarn], then from this directory:\n\n```sh\n# install node_modules folder\nyarn install\n\n# run the test suite\nyarn test\n```\n\n## API Documentation\n\n#### `Connect4Lib.EMPTY_BOARD`\n> Creates a 7x6 array of null elements.\n\n### The Connect4 Library has two public functions:\n* [gameStatus(board)](#c4gameStatus)\n* [validBoard(board)](#c4validBoard)\n\n#### <a name=\'c4gameStatus\'></a>`gameStatus(board)`\n* This method needs to receive an array (the \'board\') as an argument.\n* The library uses a private method to determine the board\'s winning coordinates.\n\nThis method returns:\n* {status: \'winner_red\', coordinates: coord} if there is a red winner.\n* {status: \'winner_yellow\', coordinates: coord} if there is a yellow winner.\n* {status: \'tie\'} or {status: \'in_progress\'}, depending\non the current status of the game.\n\n#### <a name=\'c4validBoard\'></a>`validBoard(board)`\nThis method needs to receive an array (the \'board\') as an argument.\nThe method returns false if the board passed is not an array, if the board does not have seven columns, or if the rows are invalid. The method returns true if preceding conditions are not met.\n\n## License\n\n[ISC License]\n\n[Connect Four]:https://en.wikipedia.org/wiki/Connect_Four\n[The Iron Yard Houston]:https://www.theironyard.com/locations/houston\n[Yarn]:https://yarnpkg.com\n[ISC License]:LICENSE.md\n',
21 silly publish   readmeFilename: 'README.md',
21 silly publish   gitHead: '8bd4140a97c7f774ca6e3f5bc4992e044fd178c6',
21 silly publish   bugs: { url: 'https://github.com/jennypenfield/connect-four-lib/issues' },
21 silly publish   homepage: 'https://github.com/jennypenfield/connect-four-lib#readme',
21 silly publish   _id: 'connect4-lib@1.0.0',
21 silly publish   _shasum: 'ce4ce4c3e89af82d614eb88115af61855e6545a3',
21 silly publish   _from: '.' }
22 verbose getPublishConfig undefined
23 silly mapToRegistry name connect4-lib
24 silly mapToRegistry using default registry
25 silly mapToRegistry registry https://registry.npmjs.org/
26 silly mapToRegistry data Result {
26 silly mapToRegistry   raw: 'connect4-lib',
26 silly mapToRegistry   scope: null,
26 silly mapToRegistry   escapedName: 'connect4-lib',
26 silly mapToRegistry   name: 'connect4-lib',
26 silly mapToRegistry   rawSpec: '',
26 silly mapToRegistry   spec: 'latest',
26 silly mapToRegistry   type: 'tag' }
27 silly mapToRegistry uri https://registry.npmjs.org/connect4-lib
28 verbose publish registryBase https://registry.npmjs.org/
29 silly publish uploading /Users/jennypenfield/.npm/connect4-lib/1.0.0/package.tgz
30 verbose request uri https://registry.npmjs.org/connect4-lib
31 verbose request sending authorization for write operation
32 info attempt registry request try #1 at 8:44:24 PM
33 verbose request using bearer token for auth
34 verbose request id 5bcba5833a1934cd
35 http request PUT https://registry.npmjs.org/connect4-lib
36 http 403 https://registry.npmjs.org/connect4-lib
37 verbose headers { 'content-type': 'application/json',
37 verbose headers   'cache-control': 'max-age=300',
37 verbose headers   'content-length': '95',
37 verbose headers   'accept-ranges': 'bytes',
37 verbose headers   date: 'Sun, 02 Jul 2017 01:44:22 GMT',
37 verbose headers   via: '1.1 varnish',
37 verbose headers   connection: 'keep-alive',
37 verbose headers   'x-served-by': 'cache-dfw1842-DFW',
37 verbose headers   'x-cache': 'MISS',
37 verbose headers   'x-cache-hits': '0',
37 verbose headers   'x-timer': 'S1498959861.439034,VS0,VE1210',
37 verbose headers   vary: 'Accept-Encoding' }
38 verbose request invalidating /Users/jennypenfield/.npm/registry.npmjs.org/connect4-lib on PUT
39 error publish Failed PUT 403
40 verbose stack Error: "You cannot publish over the previously published version 1.0.0." : connect4-lib
40 verbose stack     at makeError (/Users/jennypenfield/.nvm/versions/node/v6.11.0/lib/node_modules/npm/node_modules/npm-registry-client/lib/request.js:302:12)
40 verbose stack     at CachingRegistryClient.<anonymous> (/Users/jennypenfield/.nvm/versions/node/v6.11.0/lib/node_modules/npm/node_modules/npm-registry-client/lib/request.js:290:14)
40 verbose stack     at Request._callback (/Users/jennypenfield/.nvm/versions/node/v6.11.0/lib/node_modules/npm/node_modules/npm-registry-client/lib/request.js:210:14)
40 verbose stack     at Request.self.callback (/Users/jennypenfield/.nvm/versions/node/v6.11.0/lib/node_modules/npm/node_modules/request/request.js:187:22)
40 verbose stack     at emitTwo (events.js:106:13)
40 verbose stack     at Request.emit (events.js:191:7)
40 verbose stack     at Request.<anonymous> (/Users/jennypenfield/.nvm/versions/node/v6.11.0/lib/node_modules/npm/node_modules/request/request.js:1048:10)
40 verbose stack     at emitOne (events.js:96:13)
40 verbose stack     at Request.emit (events.js:188:7)
40 verbose stack     at IncomingMessage.<anonymous> (/Users/jennypenfield/.nvm/versions/node/v6.11.0/lib/node_modules/npm/node_modules/request/request.js:969:12)
41 verbose statusCode 403
42 verbose pkgid connect4-lib
43 verbose cwd /Users/jennypenfield/Documents/tiy/Homework/connect-four-lib
44 error Darwin 16.6.0
45 error argv "/Users/jennypenfield/.nvm/versions/node/v6.11.0/bin/node" "/Users/jennypenfield/.nvm/versions/node/v6.11.0/bin/npm" "publish"
46 error node v6.11.0
47 error npm  v3.10.10
48 error code E403
49 error "You cannot publish over the previously published version 1.0.0." : connect4-lib
50 error If you need help, you may report this error at:
50 error     <https://github.com/npm/npm/issues>
51 verbose exit [ 1, true ]
